<?xml version="1.0" encoding="UTF-8"?>
<testsuite xmlns:xsi="http://www.w3.org/2001/XMLSchema-instance" xsi:noNamespaceSchemaLocation="https://maven.apache.org/surefire/maven-surefire-plugin/xsd/surefire-test-report.xsd" name="Runner.RunnerTest" time="45.31" tests="3" errors="1" skipped="0" failures="0">
  <properties>
[...]
</properties>
  <testcase name="Add employee" classname="Admin tab functionality" time="1.858"/>
  <testcase name="Add User" classname="Admin tab functionality" time="20.545"/>
  <testcase name="Search user" classname="Admin tab functionality" time="22.359">
    <error message="Cannot invoke &quot;org.openqa.selenium.WebElement.getText()&quot; because the return value of &quot;pageObjects.AddUserpageobject.searchelement(java.util.List, String)&quot; is null" type="java.lang.NullPointerException">java.lang.NullPointerException: Cannot invoke "org.openqa.selenium.WebElement.getText()" because the return value of "pageObjects.AddUserpageobject.searchelement(java.util.List, String)" is null
</error>
    <system-out><![CDATA[
Scenario: Search user                              &amp#27;[90m# src/test/java/features/Admintab.feature:10&amp#27;[0m
By.xpath: (//input[@class="oxd-input oxd-input--active"])[2]
  &amp#27;[32mWhen &amp#27;[0m&amp#27;[32menter the user name&amp#27;[0m                         &amp#27;[90m# StepDef.Adduser.enter_the_user_name()&amp#27;[0m
  &amp#27;[31mThen &amp#27;[0m&amp#27;[31mverify if the user is available in the list&amp#27;[0m &amp#27;[90m# StepDef.Adduser.verify_if_the_user_is_available_in_the_list()&amp#27;[0m
      &amp#27;[31mjava.lang.NullPointerException: Cannot invoke "org.openqa.selenium.WebElement.getText()" because the return value of "pageObjects.AddUserpageobject.searchelement(java.util.List, String)" is null
	at StepDef.Adduser.verify_if_the_user_is_available_in_the_list(Adduser.java:56)
	at âœ½.verify if the user is available in the list(file:///F:/OrengeHRM/src/test/java/features/Admintab.feature:12)
&amp#27;[0m
]]></system-out>
  </testcase>
</testsuite>